# JRE version: OpenJDK Runtime Environment (11.0.11+9) (build 11.0.11+9-b60-7590822)
# Java VM: OpenJDK 64-Bit Server VM (11.0.11+9-b60-7590822, mixed mode, tiered, compressed oops, g1 gc, windows-amd64)
Heap:
 garbage-first heap   total 138240K, used 56824K [0x0000000080000000, 0x0000000100000000)
  region size 1024K, 7 young (7168K), 3 survivors (3072K)
 Metaspace       used 57270K, capacity 58670K, committed 58876K, reserved 1099776K
  class space    used 7276K, capacity 7807K, committed 7808K, reserved 1048576K
GC Heap History (20 events):
Event: 3.378 GC heap before
{Heap before GC invocations=2 (full 0):
 garbage-first heap   total 114688K, used 46368K [0x0000000080000000, 0x0000000100000000)
  region size 1024K, 39 young (39936K), 9 survivors (9216K)
 Metaspace       used 20363K, capacity 20809K, committed 21120K, reserved 1067008K
  class space    used 2497K, capacity 2627K, committed 2688K, reserved 1048576K
}
Event: 3.385 GC heap after
{Heap after GC invocations=3 (full 0):
 garbage-first heap   total 114688K, used 16922K [0x0000000080000000, 0x0000000100000000)
  region size 1024K, 2 young (2048K), 2 survivors (2048K)
 Metaspace       used 20363K, capacity 20809K, committed 21120K, reserved 1067008K
  class space    used 2497K, capacity 2627K, committed 2688K, reserved 1048576K
}
Event: 3.431 GC heap before
{Heap before GC invocations=3 (full 0):
 garbage-first heap   total 114688K, used 17946K [0x0000000080000000, 0x0000000100000000)
  region size 1024K, 4 young (4096K), 2 survivors (2048K)
 Metaspace       used 20664K, capacity 21100K, committed 21296K, reserved 1069056K
  class space    used 2535K, capacity 2660K, committed 2688K, reserved 1048576K
}
Event: 3.435 GC heap after
{Heap after GC invocations=4 (full 0):
 garbage-first heap   total 114688K, used 16826K [0x0000000080000000, 0x0000000100000000)
  region size 1024K, 2 young (2048K), 2 survivors (2048K)
 Metaspace       used 20664K, capacity 21100K, committed 21296K, reserved 1069056K
  class space    used 2535K, capacity 2660K, committed 2688K, reserved 1048576K
}
Event: 4.120 GC heap before
{Heap before GC invocations=5 (full 0):
 garbage-first heap   total 114688K, used 62906K [0x0000000080000000, 0x0000000100000000)
  region size 1024K, 47 young (48128K), 2 survivors (2048K)
 Metaspace       used 25341K, capacity 25962K, committed 26288K, reserved 1073152K
  class space    used 3293K, capacity 3499K, committed 3584K, reserved 1048576K
}
Event: 4.123 GC heap after
{Heap after GC invocations=6 (full 0):
 garbage-first heap   total 114688K, used 18512K [0x0000000080000000, 0x0000000100000000)
  region size 1024K, 4 young (4096K), 4 survivors (4096K)
 Metaspace       used 25341K, capacity 25962K, committed 26288K, reserved 1073152K
  class space    used 3293K, capacity 3499K, committed 3584K, reserved 1048576K
}
Event: 4.898 GC heap before
{Heap before GC invocations=6 (full 0):
 garbage-first heap   total 114688K, used 68688K [0x0000000080000000, 0x0000000100000000)
  region size 1024K, 53 young (54272K), 4 survivors (4096K)
 Metaspace       used 30254K, capacity 30921K, committed 31152K, reserved 1077248K
  class space    used 4051K, capacity 4306K, committed 4352K, reserved 1048576K
}
Event: 4.903 GC heap after
{Heap after GC invocations=7 (full 0):
 garbage-first heap   total 114688K, used 19939K [0x0000000080000000, 0x0000000100000000)
  region size 1024K, 5 young (5120K), 5 survivors (5120K)
 Metaspace       used 30254K, capacity 30921K, committed 31152K, reserved 1077248K
  class space    used 4051K, capacity 4306K, committed 4352K, reserved 1048576K
}
Event: 5.390 GC heap before
{Heap before GC invocations=7 (full 0):
 garbage-first heap   total 114688K, used 35299K [0x0000000080000000, 0x0000000100000000)
  region size 1024K, 21 young (21504K), 5 survivors (5120K)
 Metaspace       used 34922K, capacity 35650K, committed 35708K, reserved 1081344K
  class space    used 4541K, capacity 4863K, committed 4864K, reserved 1048576K
}
Event: 5.398 GC heap after
{Heap after GC invocations=8 (full 0):
 garbage-first heap   total 114688K, used 22519K [0x0000000080000000, 0x0000000100000000)
  region size 1024K, 6 young (6144K), 6 survivors (6144K)
 Metaspace       used 34922K, capacity 35650K, committed 35708K, reserved 1081344K
  class space    used 4541K, capacity 4863K, committed 4864K, reserved 1048576K
}
Event: 6.027 GC heap before
{Heap before GC invocations=9 (full 0):
 garbage-first heap   total 114688K, used 74743K [0x0000000080000000, 0x0000000100000000)
  region size 1024K, 55 young (56320K), 6 survivors (6144K)
 Metaspace       used 38793K, capacity 39634K, committed 39804K, reserved 1083392K
  class space    used 4954K, capacity 5313K, committed 5376K, reserved 1048576K
}
Event: 6.037 GC heap after
{Heap after GC invocations=10 (full 0):
 garbage-first heap   total 114688K, used 26700K [0x0000000080000000, 0x0000000100000000)
  region size 1024K, 7 young (7168K), 7 survivors (7168K)
 Metaspace       used 38793K, capacity 39634K, committed 39804K, reserved 1083392K
  class space    used 4954K, capacity 5313K, committed 5376K, reserved 1048576K
}
Event: 6.743 GC heap before
{Heap before GC invocations=10 (full 0):
 garbage-first heap   total 114688K, used 76876K [0x0000000080000000, 0x0000000100000000)
  region size 1024K, 56 young (57344K), 7 survivors (7168K)
 Metaspace       used 43581K, capacity 44598K, committed 44796K, reserved 1087488K
  class space    used 5559K, capacity 5910K, committed 6016K, reserved 1048576K
}
Event: 6.750 GC heap after
{Heap after GC invocations=11 (full 0):
 garbage-first heap   total 114688K, used 28873K [0x0000000080000000, 0x0000000100000000)
  region size 1024K, 3 young (3072K), 3 survivors (3072K)
 Metaspace       used 43581K, capacity 44598K, committed 44796K, reserved 1087488K
  class space    used 5559K, capacity 5910K, committed 6016K, reserved 1048576K
}
Event: 7.802 GC heap before
{Heap before GC invocations=11 (full 0):
 garbage-first heap   total 114688K, used 80073K [0x0000000080000000, 0x0000000100000000)
  region size 1024K, 53 young (54272K), 3 survivors (3072K)
 Metaspace       used 47212K, capacity 48363K, committed 48636K, reserved 1091584K
  class space    used 6045K, capacity 6485K, committed 6528K, reserved 1048576K
}
Event: 7.813 GC heap after
{Heap after GC invocations=12 (full 0):
 garbage-first heap   total 138240K, used 31612K [0x0000000080000000, 0x0000000100000000)
  region size 1024K, 6 young (6144K), 6 survivors (6144K)
 Metaspace       used 47212K, capacity 48363K, committed 48636K, reserved 1091584K
  class space    used 6045K, capacity 6485K, committed 6528K, reserved 1048576K
}
Event: 9.906 GC heap before
{Heap before GC invocations=12 (full 0):
 garbage-first heap   total 138240K, used 104316K [0x0000000080000000, 0x0000000100000000)
  region size 1024K, 68 young (69632K), 6 survivors (6144K)
 Metaspace       used 49910K, capacity 51140K, committed 51324K, reserved 1093632K
  class space    used 6362K, capacity 6837K, committed 6912K, reserved 1048576K
}
Event: 9.917 GC heap after
{Heap after GC invocations=13 (full 0):
 garbage-first heap   total 138240K, used 51034K [0x0000000080000000, 0x0000000100000000)
  region size 1024K, 9 young (9216K), 9 survivors (9216K)
 Metaspace       used 49910K, capacity 51140K, committed 51324K, reserved 1093632K
  class space    used 6362K, capacity 6837K, committed 6912K, reserved 1048576K
}
Event: 13.439 GC heap before
{Heap before GC invocations=13 (full 0):
 garbage-first heap   total 138240K, used 101210K [0x0000000080000000, 0x0000000100000000)
  region size 1024K, 58 young (59392K), 9 survivors (9216K)
 Metaspace       used 57002K, capacity 58328K, committed 58620K, reserved 1099776K
  class space    used 7231K, capacity 7734K, committed 7808K, reserved 1048576K
}
Event: 13.446 GC heap after
{Heap after GC invocations=14 (full 0):
 garbage-first heap   total 138240K, used 53752K [0x0000000080000000, 0x0000000100000000)
  region size 1024K, 3 young (3072K), 3 survivors (3072K)
 Metaspace       used 57002K, capacity 58328K, committed 58620K, reserved 1099776K
  class space    used 7231K, capacity 7734K, committed 7808K, reserved 1048576K
}

