# JRE version: OpenJDK Runtime Environment (11.0.11+9) (build 11.0.11+9-b60-7590822)
# Java VM: OpenJDK 64-Bit Server VM (11.0.11+9-b60-7590822, mixed mode, tiered, compressed oops, g1 gc, windows-amd64)
Heap:
 garbage-first heap   total 451584K, used 238208K [0x0000000080000000, 0x0000000100000000)
  region size 1024K, 3 young (3072K), 3 survivors (3072K)
 Metaspace       used 142703K, capacity 147055K, committed 147580K, reserved 1177600K
  class space    used 17653K, capacity 19232K, committed 19712K, reserved 1048576K
GC Heap History (20 events):
Event: 2599.940 GC heap after
{Heap after GC invocations=102 (full 0):
 garbage-first heap   total 246784K, used 139736K [0x0000000080000000, 0x0000000100000000)
  region size 1024K, 3 young (3072K), 3 survivors (3072K)
 Metaspace       used 141788K, capacity 146017K, committed 146812K, reserved 1177600K
  class space    used 17603K, capacity 19161K, committed 19712K, reserved 1048576K
}
Event: 2601.323 GC heap before
{Heap before GC invocations=103 (full 0):
 garbage-first heap   total 246784K, used 218584K [0x0000000080000000, 0x0000000100000000)
  region size 1024K, 64 young (65536K), 3 survivors (3072K)
 Metaspace       used 142159K, capacity 146417K, committed 147068K, reserved 1177600K
  class space    used 17620K, capacity 19200K, committed 19712K, reserved 1048576K
}
Event: 2601.348 GC heap after
{Heap after GC invocations=104 (full 0):
 garbage-first heap   total 246784K, used 159306K [0x0000000080000000, 0x0000000100000000)
  region size 1024K, 8 young (8192K), 8 survivors (8192K)
 Metaspace       used 142159K, capacity 146417K, committed 147068K, reserved 1177600K
  class space    used 17620K, capacity 19200K, committed 19712K, reserved 1048576K
}
Event: 2601.356 GC heap before
{Heap before GC invocations=104 (full 0):
 garbage-first heap   total 246784K, used 170570K [0x0000000080000000, 0x0000000100000000)
  region size 1024K, 12 young (12288K), 8 survivors (8192K)
 Metaspace       used 142162K, capacity 146417K, committed 147068K, reserved 1177600K
  class space    used 17620K, capacity 19200K, committed 19712K, reserved 1048576K
}
Event: 2601.372 GC heap after
{Heap after GC invocations=105 (full 0):
 garbage-first heap   total 246784K, used 147702K [0x0000000080000000, 0x0000000100000000)
  region size 1024K, 2 young (2048K), 2 survivors (2048K)
 Metaspace       used 142162K, capacity 146417K, committed 147068K, reserved 1177600K
  class space    used 17620K, capacity 19200K, committed 19712K, reserved 1048576K
}
Event: 2601.489 GC heap before
{Heap before GC invocations=105 (full 0):
 garbage-first heap   total 246784K, used 176374K [0x0000000080000000, 0x0000000100000000)
  region size 1024K, 32 young (32768K), 2 survivors (2048K)
 Metaspace       used 142180K, capacity 146482K, committed 147324K, reserved 1177600K
  class space    used 17620K, capacity 19200K, committed 19712K, reserved 1048576K
}
Event: 2601.507 GC heap after
{Heap after GC invocations=106 (full 0):
 garbage-first heap   total 246784K, used 161792K [0x0000000080000000, 0x0000000100000000)
  region size 1024K, 7 young (7168K), 7 survivors (7168K)
 Metaspace       used 142180K, capacity 146482K, committed 147324K, reserved 1177600K
  class space    used 17620K, capacity 19200K, committed 19712K, reserved 1048576K
}
Event: 2601.744 GC heap before
{Heap before GC invocations=106 (full 0):
 garbage-first heap   total 246784K, used 197632K [0x0000000080000000, 0x0000000100000000)
  region size 1024K, 41 young (41984K), 7 survivors (7168K)
 Metaspace       used 142421K, capacity 146710K, committed 147324K, reserved 1177600K
  class space    used 17639K, capacity 19213K, committed 19712K, reserved 1048576K
}
Event: 2601.773 GC heap after
{Heap after GC invocations=107 (full 0):
 garbage-first heap   total 246784K, used 179200K [0x0000000080000000, 0x0000000100000000)
  region size 1024K, 6 young (6144K), 6 survivors (6144K)
 Metaspace       used 142421K, capacity 146710K, committed 147324K, reserved 1177600K
  class space    used 17639K, capacity 19213K, committed 19712K, reserved 1048576K
}
Event: 2601.869 GC heap before
{Heap before GC invocations=108 (full 0):
 garbage-first heap   total 246784K, used 199680K [0x0000000080000000, 0x0000000100000000)
  region size 1024K, 27 young (27648K), 6 survivors (6144K)
 Metaspace       used 142476K, capacity 146777K, committed 147580K, reserved 1177600K
  class space    used 17640K, capacity 19213K, committed 19712K, reserved 1048576K
}
Event: 2601.888 GC heap after
{Heap after GC invocations=109 (full 0):
 garbage-first heap   total 246784K, used 190759K [0x0000000080000000, 0x0000000100000000)
  region size 1024K, 4 young (4096K), 4 survivors (4096K)
 Metaspace       used 142476K, capacity 146777K, committed 147580K, reserved 1177600K
  class space    used 17640K, capacity 19213K, committed 19712K, reserved 1048576K
}
Event: 2601.913 GC heap before
{Heap before GC invocations=109 (full 0):
 garbage-first heap   total 246784K, used 198951K [0x0000000080000000, 0x0000000100000000)
  region size 1024K, 12 young (12288K), 4 survivors (4096K)
 Metaspace       used 142485K, capacity 146778K, committed 147580K, reserved 1177600K
  class space    used 17640K, capacity 19213K, committed 19712K, reserved 1048576K
}
Event: 2601.932 GC heap after
{Heap after GC invocations=110 (full 0):
 garbage-first heap   total 307200K, used 191364K [0x0000000080000000, 0x0000000100000000)
  region size 1024K, 2 young (2048K), 2 survivors (2048K)
 Metaspace       used 142485K, capacity 146778K, committed 147580K, reserved 1177600K
  class space    used 17640K, capacity 19213K, committed 19712K, reserved 1048576K
}
Event: 2602.033 GC heap before
{Heap before GC invocations=110 (full 0):
 garbage-first heap   total 307200K, used 229252K [0x0000000080000000, 0x0000000100000000)
  region size 1024K, 40 young (40960K), 2 survivors (2048K)
 Metaspace       used 142515K, capacity 146780K, committed 147580K, reserved 1177600K
  class space    used 17640K, capacity 19213K, committed 19712K, reserved 1048576K
}
Event: 2602.058 GC heap after
{Heap after GC invocations=111 (full 0):
 garbage-first heap   total 307200K, used 211456K [0x0000000080000000, 0x0000000100000000)
  region size 1024K, 5 young (5120K), 5 survivors (5120K)
 Metaspace       used 142515K, capacity 146780K, committed 147580K, reserved 1177600K
  class space    used 17640K, capacity 19213K, committed 19712K, reserved 1048576K
}
Event: 2602.199 GC heap before
{Heap before GC invocations=111 (full 0):
 garbage-first heap   total 307200K, used 240128K [0x0000000080000000, 0x0000000100000000)
  region size 1024K, 34 young (34816K), 5 survivors (5120K)
 Metaspace       used 142518K, capacity 146780K, committed 147580K, reserved 1177600K
  class space    used 17640K, capacity 19213K, committed 19712K, reserved 1048576K
}
Event: 2602.217 GC heap after
{Heap after GC invocations=112 (full 0):
 garbage-first heap   total 307200K, used 227034K [0x0000000080000000, 0x0000000100000000)
  region size 1024K, 5 young (5120K), 5 survivors (5120K)
 Metaspace       used 142518K, capacity 146780K, committed 147580K, reserved 1177600K
  class space    used 17640K, capacity 19213K, committed 19712K, reserved 1048576K
}
Event: 2602.453 GC heap before
{Heap before GC invocations=112 (full 0):
 garbage-first heap   total 307200K, used 248538K [0x0000000080000000, 0x0000000100000000)
  region size 1024K, 27 young (27648K), 5 survivors (5120K)
 Metaspace       used 142593K, capacity 146915K, committed 147580K, reserved 1177600K
  class space    used 17642K, capacity 19211K, committed 19712K, reserved 1048576K
}
Event: 2602.471 GC heap after
{Heap after GC invocations=113 (full 0):
 garbage-first heap   total 307200K, used 234853K [0x0000000080000000, 0x0000000100000000)
  region size 1024K, 4 young (4096K), 4 survivors (4096K)
 Metaspace       used 142593K, capacity 146915K, committed 147580K, reserved 1177600K
  class space    used 17642K, capacity 19211K, committed 19712K, reserved 1048576K
}
Event: 2602.699 GC heap before
{Heap before GC invocations=114 (full 0):
 garbage-first heap   total 307200K, used 253285K [0x0000000080000000, 0x0000000100000000)
  region size 1024K, 23 young (23552K), 4 survivors (4096K)
 Metaspace       used 142703K, capacity 147055K, committed 147580K, reserved 1177600K
  class space    used 17653K, capacity 19232K, committed 19712K, reserved 1048576K
}

