# JRE version: OpenJDK Runtime Environment (11.0.11+9) (build 11.0.11+9-b60-7590822)
# Java VM: OpenJDK 64-Bit Server VM (11.0.11+9-b60-7590822, mixed mode, tiered, compressed oops, g1 gc, windows-amd64)
Heap:
 garbage-first heap   total 566272K, used 228123K [0x0000000080000000, 0x0000000100000000)
  region size 1024K, 4 young (4096K), 4 survivors (4096K)
 Metaspace       used 111750K, capacity 114135K, committed 114384K, reserved 1148928K
  class space    used 14116K, capacity 14990K, committed 15104K, reserved 1048576K
GC Heap History (20 events):
Event: 31.775 GC heap after
{Heap after GC invocations=62 (full 0):
 garbage-first heap   total 247808K, used 130180K [0x0000000080000000, 0x0000000100000000)
  region size 1024K, 4 young (4096K), 4 survivors (4096K)
 Metaspace       used 103852K, capacity 106106K, committed 106448K, reserved 1142784K
  class space    used 12885K, capacity 13733K, committed 13824K, reserved 1048576K
}
Event: 32.162 GC heap before
{Heap before GC invocations=62 (full 0):
 garbage-first heap   total 247808K, used 189572K [0x0000000080000000, 0x0000000100000000)
  region size 1024K, 63 young (64512K), 4 survivors (4096K)
 Metaspace       used 104161K, capacity 106373K, committed 106448K, reserved 1142784K
  class space    used 12919K, capacity 13752K, committed 13824K, reserved 1048576K
}
Event: 32.170 GC heap after
{Heap after GC invocations=63 (full 0):
 garbage-first heap   total 247808K, used 134247K [0x0000000080000000, 0x0000000100000000)
  region size 1024K, 8 young (8192K), 8 survivors (8192K)
 Metaspace       used 104161K, capacity 106373K, committed 106448K, reserved 1142784K
  class space    used 12919K, capacity 13752K, committed 13824K, reserved 1048576K
}
Event: 32.801 GC heap before
{Heap before GC invocations=63 (full 0):
 garbage-first heap   total 247808K, used 205927K [0x0000000080000000, 0x0000000100000000)
  region size 1024K, 67 young (68608K), 8 survivors (8192K)
 Metaspace       used 107475K, capacity 109770K, committed 109904K, reserved 1144832K
  class space    used 13359K, capacity 14198K, committed 14208K, reserved 1048576K
}
Event: 32.811 GC heap after
{Heap after GC invocations=64 (full 0):
 garbage-first heap   total 247808K, used 154135K [0x0000000080000000, 0x0000000100000000)
  region size 1024K, 9 young (9216K), 9 survivors (9216K)
 Metaspace       used 107475K, capacity 109770K, committed 109904K, reserved 1144832K
  class space    used 13359K, capacity 14198K, committed 14208K, reserved 1048576K
}
Event: 32.844 GC heap before
{Heap before GC invocations=64 (full 0):
 garbage-first heap   total 247808K, used 182807K [0x0000000080000000, 0x0000000100000000)
  region size 1024K, 18 young (18432K), 9 survivors (9216K)
 Metaspace       used 107642K, capacity 109947K, committed 110288K, reserved 1144832K
  class space    used 13387K, capacity 14238K, committed 14336K, reserved 1048576K
}
Event: 32.851 GC heap after
{Heap after GC invocations=65 (full 0):
 garbage-first heap   total 247808K, used 171438K [0x0000000080000000, 0x0000000100000000)
  region size 1024K, 5 young (5120K), 5 survivors (5120K)
 Metaspace       used 107642K, capacity 109947K, committed 110288K, reserved 1144832K
  class space    used 13387K, capacity 14238K, committed 14336K, reserved 1048576K
}
Event: 33.066 GC heap before
{Heap before GC invocations=66 (full 0):
 garbage-first heap   total 247808K, used 190894K [0x0000000080000000, 0x0000000100000000)
  region size 1024K, 29 young (29696K), 5 survivors (5120K)
 Metaspace       used 107904K, capacity 110221K, committed 110544K, reserved 1144832K
  class space    used 13413K, capacity 14267K, committed 14336K, reserved 1048576K
}
Event: 33.078 GC heap after
{Heap after GC invocations=67 (full 0):
 garbage-first heap   total 247808K, used 174436K [0x0000000080000000, 0x0000000100000000)
  region size 1024K, 4 young (4096K), 4 survivors (4096K)
 Metaspace       used 107904K, capacity 110221K, committed 110544K, reserved 1144832K
  class space    used 13413K, capacity 14267K, committed 14336K, reserved 1048576K
}
Event: 33.120 GC heap before
{Heap before GC invocations=67 (full 0):
 garbage-first heap   total 247808K, used 183652K [0x0000000080000000, 0x0000000100000000)
  region size 1024K, 12 young (12288K), 4 survivors (4096K)
 Metaspace       used 107904K, capacity 110221K, committed 110544K, reserved 1144832K
  class space    used 13413K, capacity 14267K, committed 14336K, reserved 1048576K
}
Event: 33.132 GC heap after
{Heap after GC invocations=68 (full 0):
 garbage-first heap   total 247808K, used 156456K [0x0000000080000000, 0x0000000100000000)
  region size 1024K, 2 young (2048K), 2 survivors (2048K)
 Metaspace       used 107904K, capacity 110221K, committed 110544K, reserved 1144832K
  class space    used 13413K, capacity 14267K, committed 14336K, reserved 1048576K
}
Event: 33.189 GC heap before
{Heap before GC invocations=68 (full 0):
 garbage-first heap   total 247808K, used 166696K [0x0000000080000000, 0x0000000100000000)
  region size 1024K, 12 young (12288K), 2 survivors (2048K)
 Metaspace       used 107904K, capacity 110221K, committed 110544K, reserved 1144832K
  class space    used 13413K, capacity 14267K, committed 14336K, reserved 1048576K
}
Event: 33.201 GC heap after
{Heap after GC invocations=69 (full 0):
 garbage-first heap   total 297984K, used 160740K [0x0000000080000000, 0x0000000100000000)
  region size 1024K, 2 young (2048K), 2 survivors (2048K)
 Metaspace       used 107904K, capacity 110221K, committed 110544K, reserved 1144832K
  class space    used 13413K, capacity 14267K, committed 14336K, reserved 1048576K
}
Event: 33.893 GC heap before
{Heap before GC invocations=69 (full 0):
 garbage-first heap   total 297984K, used 210916K [0x0000000080000000, 0x0000000100000000)
  region size 1024K, 52 young (53248K), 2 survivors (2048K)
 Metaspace       used 110092K, capacity 112464K, committed 112592K, reserved 1146880K
  class space    used 13905K, capacity 14787K, committed 14848K, reserved 1048576K
}
Event: 33.933 GC heap after
{Heap after GC invocations=70 (full 0):
 garbage-first heap   total 297984K, used 182782K [0x0000000080000000, 0x0000000100000000)
  region size 1024K, 7 young (7168K), 7 survivors (7168K)
 Metaspace       used 110092K, capacity 112464K, committed 112592K, reserved 1146880K
  class space    used 13905K, capacity 14787K, committed 14848K, reserved 1048576K
}
Event: 34.234 GC heap before
{Heap before GC invocations=70 (full 0):
 garbage-first heap   total 297984K, used 221694K [0x0000000080000000, 0x0000000100000000)
  region size 1024K, 46 young (47104K), 7 survivors (7168K)
 Metaspace       used 110158K, capacity 112530K, committed 112592K, reserved 1146880K
  class space    used 13905K, capacity 14787K, committed 14848K, reserved 1048576K
}
Event: 34.312 GC heap after
{Heap after GC invocations=71 (full 0):
 garbage-first heap   total 297984K, used 203776K [0x0000000080000000, 0x0000000100000000)
  region size 1024K, 6 young (6144K), 6 survivors (6144K)
 Metaspace       used 110158K, capacity 112530K, committed 112592K, reserved 1146880K
  class space    used 13905K, capacity 14787K, committed 14848K, reserved 1048576K
}
Event: 34.543 GC heap before
{Heap before GC invocations=71 (full 0):
 garbage-first heap   total 297984K, used 231424K [0x0000000080000000, 0x0000000100000000)
  region size 1024K, 34 young (34816K), 6 survivors (6144K)
 Metaspace       used 110237K, capacity 112606K, committed 112848K, reserved 1146880K
  class space    used 13906K, capacity 14787K, committed 14848K, reserved 1048576K
}
Event: 34.582 GC heap after
{Heap after GC invocations=72 (full 0):
 garbage-first heap   total 297984K, used 219609K [0x0000000080000000, 0x0000000100000000)
  region size 1024K, 5 young (5120K), 5 survivors (5120K)
 Metaspace       used 110237K, capacity 112606K, committed 112848K, reserved 1146880K
  class space    used 13906K, capacity 14787K, committed 14848K, reserved 1048576K
}
Event: 35.378 GC heap before
{Heap before GC invocations=72 (full 0):
 garbage-first heap   total 297984K, used 240089K [0x0000000080000000, 0x0000000100000000)
  region size 1024K, 26 young (26624K), 5 survivors (5120K)
 Metaspace       used 111750K, capacity 114135K, committed 114384K, reserved 1148928K
  class space    used 14116K, capacity 14990K, committed 15104K, reserved 1048576K
}

