# JRE version: OpenJDK Runtime Environment (11.0.11+9) (build 11.0.11+9-b60-7590822)
# Java VM: OpenJDK 64-Bit Server VM (11.0.11+9-b60-7590822, mixed mode, tiered, compressed oops, g1 gc, windows-amd64)
Heap:
 garbage-first heap   total 284672K, used 210345K [0x0000000080000000, 0x0000000100000000)
  region size 1024K, 25 young (25600K), 5 survivors (5120K)
 Metaspace       used 95619K, capacity 97869K, committed 98172K, reserved 1134592K
  class space    used 12538K, capacity 13418K, committed 13568K, reserved 1048576K
GC Heap History (20 events):
Event: 16.652 GC heap before
{Heap before GC invocations=26 (full 0):
 garbage-first heap   total 165888K, used 133098K [0x0000000080000000, 0x0000000100000000)
  region size 1024K, 52 young (53248K), 6 survivors (6144K)
 Metaspace       used 87165K, capacity 89420K, committed 89724K, reserved 1126400K
  class space    used 11323K, capacity 12206K, committed 12288K, reserved 1048576K
}
Event: 16.660 GC heap after
{Heap after GC invocations=27 (full 0):
 garbage-first heap   total 165888K, used 89586K [0x0000000080000000, 0x0000000100000000)
  region size 1024K, 5 young (5120K), 5 survivors (5120K)
 Metaspace       used 87165K, capacity 89420K, committed 89724K, reserved 1126400K
  class space    used 11323K, capacity 12206K, committed 12288K, reserved 1048576K
}
Event: 16.900 GC heap before
{Heap before GC invocations=27 (full 0):
 garbage-first heap   total 165888K, used 134642K [0x0000000080000000, 0x0000000100000000)
  region size 1024K, 51 young (52224K), 5 survivors (5120K)
 Metaspace       used 87953K, capacity 90229K, committed 90364K, reserved 1128448K
  class space    used 11436K, capacity 12303K, committed 12416K, reserved 1048576K
}
Event: 16.907 GC heap after
{Heap after GC invocations=28 (full 0):
 garbage-first heap   total 165888K, used 92037K [0x0000000080000000, 0x0000000100000000)
  region size 1024K, 4 young (4096K), 4 survivors (4096K)
 Metaspace       used 87953K, capacity 90229K, committed 90364K, reserved 1128448K
  class space    used 11436K, capacity 12303K, committed 12416K, reserved 1048576K
}
Event: 17.232 GC heap before
{Heap before GC invocations=29 (full 0):
 garbage-first heap   total 165888K, used 134021K [0x0000000080000000, 0x0000000100000000)
  region size 1024K, 47 young (48128K), 4 survivors (4096K)
 Metaspace       used 89227K, capacity 91239K, committed 92028K, reserved 1128448K
  class space    used 11516K, capacity 12308K, committed 12544K, reserved 1048576K
}
Event: 17.239 GC heap after
{Heap after GC invocations=30 (full 0):
 garbage-first heap   total 165888K, used 93908K [0x0000000080000000, 0x0000000100000000)
  region size 1024K, 3 young (3072K), 3 survivors (3072K)
 Metaspace       used 89227K, capacity 91239K, committed 92028K, reserved 1128448K
  class space    used 11516K, capacity 12308K, committed 12544K, reserved 1048576K
}
Event: 17.730 GC heap before
{Heap before GC invocations=31 (full 0):
 garbage-first heap   total 165888K, used 135892K [0x0000000080000000, 0x0000000100000000)
  region size 1024K, 34 young (34816K), 3 survivors (3072K)
 Metaspace       used 93002K, capacity 95080K, committed 95868K, reserved 1132544K
  class space    used 12013K, capacity 12826K, committed 13056K, reserved 1048576K
}
Event: 17.739 GC heap after
{Heap after GC invocations=32 (full 0):
 garbage-first heap   total 165888K, used 113210K [0x0000000080000000, 0x0000000100000000)
  region size 1024K, 6 young (6144K), 6 survivors (6144K)
 Metaspace       used 93002K, capacity 95080K, committed 95868K, reserved 1132544K
  class space    used 12013K, capacity 12826K, committed 13056K, reserved 1048576K
}
Event: 17.957 GC heap before
{Heap before GC invocations=33 (full 0):
 garbage-first heap   total 165888K, used 163386K [0x0000000080000000, 0x0000000100000000)
  region size 1024K, 32 young (32768K), 6 survivors (6144K)
 Metaspace       used 93272K, capacity 95297K, committed 95868K, reserved 1132544K
  class space    used 12046K, capacity 12834K, committed 13056K, reserved 1048576K
}
Event: 17.973 GC heap after
{Heap after GC invocations=34 (full 0):
 garbage-first heap   total 220160K, used 137447K [0x0000000080000000, 0x0000000100000000)
  region size 1024K, 4 young (4096K), 4 survivors (4096K)
 Metaspace       used 93272K, capacity 95297K, committed 95868K, reserved 1132544K
  class space    used 12046K, capacity 12834K, committed 13056K, reserved 1048576K
}
Event: 18.066 GC heap before
{Heap before GC invocations=34 (full 0):
 garbage-first heap   total 220160K, used 150759K [0x0000000080000000, 0x0000000100000000)
  region size 1024K, 18 young (18432K), 4 survivors (4096K)
 Metaspace       used 93272K, capacity 95297K, committed 95868K, reserved 1132544K
  class space    used 12046K, capacity 12834K, committed 13056K, reserved 1048576K
}
Event: 18.079 GC heap after
{Heap after GC invocations=35 (full 0):
 garbage-first heap   total 220160K, used 144003K [0x0000000080000000, 0x0000000100000000)
  region size 1024K, 5 young (5120K), 5 survivors (5120K)
 Metaspace       used 93272K, capacity 95297K, committed 95868K, reserved 1132544K
  class space    used 12046K, capacity 12834K, committed 13056K, reserved 1048576K
}
Event: 18.627 GC heap before
{Heap before GC invocations=36 (full 0):
 garbage-first heap   total 220160K, used 171651K [0x0000000080000000, 0x0000000100000000)
  region size 1024K, 30 young (30720K), 5 survivors (5120K)
 Metaspace       used 94141K, capacity 96248K, committed 96764K, reserved 1132544K
  class space    used 12237K, capacity 13051K, committed 13184K, reserved 1048576K
}
Event: 18.649 GC heap after
{Heap after GC invocations=37 (full 0):
 garbage-first heap   total 220160K, used 155172K [0x0000000080000000, 0x0000000100000000)
  region size 1024K, 4 young (4096K), 4 survivors (4096K)
 Metaspace       used 94141K, capacity 96248K, committed 96764K, reserved 1132544K
  class space    used 12237K, capacity 13051K, committed 13184K, reserved 1048576K
}
Event: 19.025 GC heap before
{Heap before GC invocations=37 (full 0):
 garbage-first heap   total 220160K, used 176676K [0x0000000080000000, 0x0000000100000000)
  region size 1024K, 25 young (25600K), 4 survivors (4096K)
 Metaspace       used 95569K, capacity 97795K, committed 98172K, reserved 1134592K
  class space    used 12537K, capacity 13416K, committed 13568K, reserved 1048576K
}
Event: 19.043 GC heap after
{Heap after GC invocations=38 (full 0):
 garbage-first heap   total 220160K, used 164811K [0x0000000080000000, 0x0000000100000000)
  region size 1024K, 4 young (4096K), 4 survivors (4096K)
 Metaspace       used 95569K, capacity 97795K, committed 98172K, reserved 1134592K
  class space    used 12537K, capacity 13416K, committed 13568K, reserved 1048576K
}
Event: 19.202 GC heap before
{Heap before GC invocations=38 (full 0):
 garbage-first heap   total 220160K, used 181195K [0x0000000080000000, 0x0000000100000000)
  region size 1024K, 20 young (20480K), 4 survivors (4096K)
 Metaspace       used 95592K, capacity 97796K, committed 98172K, reserved 1134592K
  class space    used 12537K, capacity 13416K, committed 13568K, reserved 1048576K
}
Event: 19.217 GC heap after
{Heap after GC invocations=39 (full 0):
 garbage-first heap   total 284672K, used 173262K [0x0000000080000000, 0x0000000100000000)
  region size 1024K, 3 young (3072K), 3 survivors (3072K)
 Metaspace       used 95592K, capacity 97796K, committed 98172K, reserved 1134592K
  class space    used 12537K, capacity 13416K, committed 13568K, reserved 1048576K
}
Event: 19.388 GC heap before
{Heap before GC invocations=40 (full 0):
 garbage-first heap   total 284672K, used 207054K [0x0000000080000000, 0x0000000100000000)
  region size 1024K, 36 young (36864K), 3 survivors (3072K)
 Metaspace       used 95605K, capacity 97799K, committed 98172K, reserved 1134592K
  class space    used 12537K, capacity 13416K, committed 13568K, reserved 1048576K
}
Event: 19.405 GC heap after
{Heap after GC invocations=41 (full 0):
 garbage-first heap   total 284672K, used 190889K [0x0000000080000000, 0x0000000100000000)
  region size 1024K, 5 young (5120K), 5 survivors (5120K)
 Metaspace       used 95605K, capacity 97799K, committed 98172K, reserved 1134592K
  class space    used 12537K, capacity 13416K, committed 13568K, reserved 1048576K
}

