# JRE version: OpenJDK Runtime Environment (11.0.11+9) (build 11.0.11+9-b60-7590822)
# Java VM: OpenJDK 64-Bit Server VM (11.0.11+9-b60-7590822, mixed mode, tiered, compressed oops, g1 gc, windows-amd64)
Heap:
 garbage-first heap   total 295936K, used 164864K [0x0000000080000000, 0x0000000100000000)
  region size 1024K, 2 young (2048K), 2 survivors (2048K)
 Metaspace       used 95468K, capacity 97695K, committed 98000K, reserved 1134592K
  class space    used 12539K, capacity 13409K, committed 13568K, reserved 1048576K
GC Heap History (20 events):
Event: 14.584 GC heap after
{Heap after GC invocations=23 (full 0):
 garbage-first heap   total 165888K, used 78989K [0x0000000080000000, 0x0000000100000000)
  region size 1024K, 8 young (8192K), 8 survivors (8192K)
 Metaspace       used 84537K, capacity 86724K, committed 86992K, reserved 1124352K
  class space    used 11102K, capacity 11959K, committed 12032K, reserved 1048576K
}
Event: 15.101 GC heap before
{Heap before GC invocations=23 (full 0):
 garbage-first heap   total 165888K, used 130189K [0x0000000080000000, 0x0000000100000000)
  region size 1024K, 59 young (60416K), 8 survivors (8192K)
 Metaspace       used 85112K, capacity 87246K, committed 87504K, reserved 1124352K
  class space    used 11146K, capacity 12014K, committed 12032K, reserved 1048576K
}
Event: 15.112 GC heap after
{Heap after GC invocations=24 (full 0):
 garbage-first heap   total 165888K, used 82741K [0x0000000080000000, 0x0000000100000000)
  region size 1024K, 6 young (6144K), 6 survivors (6144K)
 Metaspace       used 85112K, capacity 87246K, committed 87504K, reserved 1124352K
  class space    used 11146K, capacity 12014K, committed 12032K, reserved 1048576K
}
Event: 15.521 GC heap before
{Heap before GC invocations=24 (full 0):
 garbage-first heap   total 165888K, used 130869K [0x0000000080000000, 0x0000000100000000)
  region size 1024K, 54 young (55296K), 6 survivors (6144K)
 Metaspace       used 85458K, capacity 87668K, committed 87760K, reserved 1124352K
  class space    used 11164K, capacity 12028K, committed 12032K, reserved 1048576K
}
Event: 15.529 GC heap after
{Heap after GC invocations=25 (full 0):
 garbage-first heap   total 165888K, used 86715K [0x0000000080000000, 0x0000000100000000)
  region size 1024K, 6 young (6144K), 6 survivors (6144K)
 Metaspace       used 85458K, capacity 87668K, committed 87760K, reserved 1124352K
  class space    used 11164K, capacity 12028K, committed 12032K, reserved 1048576K
}
Event: 15.926 GC heap before
{Heap before GC invocations=26 (full 0):
 garbage-first heap   total 165888K, used 132795K [0x0000000080000000, 0x0000000100000000)
  region size 1024K, 52 young (53248K), 6 survivors (6144K)
 Metaspace       used 86830K, capacity 88803K, committed 89552K, reserved 1126400K
  class space    used 11223K, capacity 11976K, committed 12288K, reserved 1048576K
}
Event: 15.934 GC heap after
{Heap after GC invocations=27 (full 0):
 garbage-first heap   total 199680K, used 89063K [0x0000000080000000, 0x0000000100000000)
  region size 1024K, 5 young (5120K), 5 survivors (5120K)
 Metaspace       used 86830K, capacity 88803K, committed 89552K, reserved 1126400K
  class space    used 11223K, capacity 11976K, committed 12288K, reserved 1048576K
}
Event: 16.347 GC heap before
{Heap before GC invocations=27 (full 0):
 garbage-first heap   total 199680K, used 152551K [0x0000000080000000, 0x0000000100000000)
  region size 1024K, 68 young (69632K), 5 survivors (5120K)
 Metaspace       used 88442K, capacity 90527K, committed 91216K, reserved 1128448K
  class space    used 11430K, capacity 12207K, committed 12416K, reserved 1048576K
}
Event: 16.355 GC heap after
{Heap after GC invocations=28 (full 0):
 garbage-first heap   total 199680K, used 91871K [0x0000000080000000, 0x0000000100000000)
  region size 1024K, 7 young (7168K), 7 survivors (7168K)
 Metaspace       used 88442K, capacity 90527K, committed 91216K, reserved 1128448K
  class space    used 11430K, capacity 12207K, committed 12416K, reserved 1048576K
}
Event: 16.429 GC heap before
{Heap before GC invocations=28 (full 0):
 garbage-first heap   total 199680K, used 103135K [0x0000000080000000, 0x0000000100000000)
  region size 1024K, 15 young (15360K), 7 survivors (7168K)
 Metaspace       used 88849K, capacity 90843K, committed 91600K, reserved 1128448K
  class space    used 11486K, capacity 12244K, committed 12544K, reserved 1048576K
}
Event: 16.437 GC heap after
{Heap after GC invocations=29 (full 0):
 garbage-first heap   total 199680K, used 97797K [0x0000000080000000, 0x0000000100000000)
  region size 1024K, 6 young (6144K), 6 survivors (6144K)
 Metaspace       used 88849K, capacity 90843K, committed 91600K, reserved 1128448K
  class space    used 11486K, capacity 12244K, committed 12544K, reserved 1048576K
}
Event: 16.914 GC heap before
{Heap before GC invocations=30 (full 0):
 garbage-first heap   total 199680K, used 137733K [0x0000000080000000, 0x0000000100000000)
  region size 1024K, 40 young (40960K), 6 survivors (6144K)
 Metaspace       used 92863K, capacity 94939K, committed 95440K, reserved 1132544K
  class space    used 12015K, capacity 12826K, committed 13056K, reserved 1048576K
}
Event: 16.923 GC heap after
{Heap after GC invocations=31 (full 0):
 garbage-first heap   total 199680K, used 111049K [0x0000000080000000, 0x0000000100000000)
  region size 1024K, 7 young (7168K), 7 survivors (7168K)
 Metaspace       used 92863K, capacity 94939K, committed 95440K, reserved 1132544K
  class space    used 12015K, capacity 12826K, committed 13056K, reserved 1048576K
}
Event: 17.219 GC heap before
{Heap before GC invocations=32 (full 0):
 garbage-first heap   total 199680K, used 175561K [0x0000000080000000, 0x0000000100000000)
  region size 1024K, 48 young (49152K), 7 survivors (7168K)
 Metaspace       used 93195K, capacity 95316K, committed 95952K, reserved 1132544K
  class space    used 12053K, capacity 12866K, committed 13056K, reserved 1048576K
}
Event: 17.274 GC heap after
{Heap after GC invocations=33 (full 0):
 garbage-first heap   total 202752K, used 140465K [0x0000000080000000, 0x0000000100000000)
  region size 1024K, 6 young (6144K), 6 survivors (6144K)
 Metaspace       used 93195K, capacity 95316K, committed 95952K, reserved 1132544K
  class space    used 12053K, capacity 12866K, committed 13056K, reserved 1048576K
}
Event: 17.427 GC heap before
{Heap before GC invocations=33 (full 0):
 garbage-first heap   total 202752K, used 165041K [0x0000000080000000, 0x0000000100000000)
  region size 1024K, 29 young (29696K), 6 survivors (6144K)
 Metaspace       used 93512K, capacity 95648K, committed 96336K, reserved 1132544K
  class space    used 12096K, capacity 12934K, committed 13184K, reserved 1048576K
}
Event: 17.448 GC heap after
{Heap after GC invocations=34 (full 0):
 garbage-first heap   total 202752K, used 151926K [0x0000000080000000, 0x0000000100000000)
  region size 1024K, 4 young (4096K), 4 survivors (4096K)
 Metaspace       used 93512K, capacity 95648K, committed 96336K, reserved 1132544K
  class space    used 12096K, capacity 12934K, committed 13184K, reserved 1048576K
}
Event: 17.640 GC heap before
{Heap before GC invocations=35 (full 0):
 garbage-first heap   total 202752K, used 167286K [0x0000000080000000, 0x0000000100000000)
  region size 1024K, 20 young (20480K), 4 survivors (4096K)
 Metaspace       used 95445K, capacity 97631K, committed 98000K, reserved 1134592K
  class space    used 12539K, capacity 13409K, committed 13568K, reserved 1048576K
}
Event: 17.652 GC heap after
{Heap after GC invocations=36 (full 0):
 garbage-first heap   total 202752K, used 157696K [0x0000000080000000, 0x0000000100000000)
  region size 1024K, 3 young (3072K), 3 survivors (3072K)
 Metaspace       used 95445K, capacity 97631K, committed 98000K, reserved 1134592K
  class space    used 12539K, capacity 13409K, committed 13568K, reserved 1048576K
}
Event: 17.704 GC heap before
{Heap before GC invocations=36 (full 0):
 garbage-first heap   total 202752K, used 169984K [0x0000000080000000, 0x0000000100000000)
  region size 1024K, 16 young (16384K), 3 survivors (3072K)
 Metaspace       used 95468K, capacity 97695K, committed 98000K, reserved 1134592K
  class space    used 12539K, capacity 13409K, committed 13568K, reserved 1048576K
}

