# JRE version: OpenJDK Runtime Environment (11.0.11+9) (build 11.0.11+9-b60-7590822)
# Java VM: OpenJDK 64-Bit Server VM (11.0.11+9-b60-7590822, mixed mode, tiered, compressed oops, g1 gc, windows-amd64)
Heap:
 garbage-first heap   total 328704K, used 172459K [0x0000000080000000, 0x0000000100000000)
  region size 1024K, 3 young (3072K), 3 survivors (3072K)
 Metaspace       used 95590K, capacity 97858K, committed 98032K, reserved 1134592K
  class space    used 12568K, capacity 13444K, committed 13516K, reserved 1048576K
GC Heap History (20 events):
Event: 15.969 GC heap after
{Heap after GC invocations=26 (full 0):
 garbage-first heap   total 165888K, used 84641K [0x0000000080000000, 0x0000000100000000)
  region size 1024K, 6 young (6144K), 6 survivors (6144K)
 Metaspace       used 85264K, capacity 87435K, committed 87664K, reserved 1124352K
  class space    used 11161K, capacity 12029K, committed 12108K, reserved 1048576K
}
Event: 16.456 GC heap before
{Heap before GC invocations=26 (full 0):
 garbage-first heap   total 165888K, used 132769K [0x0000000080000000, 0x0000000100000000)
  region size 1024K, 54 young (55296K), 6 survivors (6144K)
 Metaspace       used 86526K, capacity 88805K, committed 89072K, reserved 1126400K
  class space    used 11257K, capacity 12137K, committed 12236K, reserved 1048576K
}
Event: 16.465 GC heap after
{Heap after GC invocations=27 (full 0):
 garbage-first heap   total 165888K, used 87632K [0x0000000080000000, 0x0000000100000000)
  region size 1024K, 5 young (5120K), 5 survivors (5120K)
 Metaspace       used 86526K, capacity 88805K, committed 89072K, reserved 1126400K
  class space    used 11257K, capacity 12137K, committed 12236K, reserved 1048576K
}
Event: 16.890 GC heap before
{Heap before GC invocations=28 (full 0):
 garbage-first heap   total 165888K, used 133712K [0x0000000080000000, 0x0000000100000000)
  region size 1024K, 51 young (52224K), 5 survivors (5120K)
 Metaspace       used 87362K, capacity 89260K, committed 90224K, reserved 1128448K
  class space    used 11292K, capacity 12040K, committed 12364K, reserved 1048576K
}
Event: 16.898 GC heap after
{Heap after GC invocations=29 (full 0):
 garbage-first heap   total 165888K, used 90267K [0x0000000080000000, 0x0000000100000000)
  region size 1024K, 4 young (4096K), 4 survivors (4096K)
 Metaspace       used 87362K, capacity 89260K, committed 90224K, reserved 1128448K
  class space    used 11292K, capacity 12040K, committed 12364K, reserved 1048576K
}
Event: 17.215 GC heap before
{Heap before GC invocations=29 (full 0):
 garbage-first heap   total 165888K, used 134299K [0x0000000080000000, 0x0000000100000000)
  region size 1024K, 48 young (49152K), 4 survivors (4096K)
 Metaspace       used 88587K, capacity 90566K, committed 91376K, reserved 1128448K
  class space    used 11448K, capacity 12239K, committed 12492K, reserved 1048576K
}
Event: 17.242 GC heap after
{Heap after GC invocations=30 (full 0):
 garbage-first heap   total 165888K, used 92598K [0x0000000080000000, 0x0000000100000000)
  region size 1024K, 4 young (4096K), 4 survivors (4096K)
 Metaspace       used 88587K, capacity 90566K, committed 91376K, reserved 1128448K
  class space    used 11448K, capacity 12239K, committed 12492K, reserved 1048576K
}
Event: 17.771 GC heap before
{Heap before GC invocations=31 (full 0):
 garbage-first heap   total 165888K, used 105910K [0x0000000080000000, 0x0000000100000000)
  region size 1024K, 19 young (19456K), 4 survivors (4096K)
 Metaspace       used 88982K, capacity 90946K, committed 91760K, reserved 1128448K
  class space    used 11497K, capacity 12276K, committed 12620K, reserved 1048576K
}
Event: 17.778 GC heap after
{Heap after GC invocations=32 (full 0):
 garbage-first heap   total 165888K, used 93257K [0x0000000080000000, 0x0000000100000000)
  region size 1024K, 4 young (4096K), 4 survivors (4096K)
 Metaspace       used 88982K, capacity 90946K, committed 91760K, reserved 1128448K
  class space    used 11497K, capacity 12276K, committed 12620K, reserved 1048576K
}
Event: 18.263 GC heap before
{Heap before GC invocations=33 (full 0):
 garbage-first heap   total 165888K, used 138313K [0x0000000080000000, 0x0000000100000000)
  region size 1024K, 38 young (38912K), 4 survivors (4096K)
 Metaspace       used 92918K, capacity 94946K, committed 95600K, reserved 1132544K
  class space    used 12024K, capacity 12826K, committed 13132K, reserved 1048576K
}
Event: 18.273 GC heap after
{Heap after GC invocations=34 (full 0):
 garbage-first heap   total 165888K, used 112348K [0x0000000080000000, 0x0000000100000000)
  region size 1024K, 6 young (6144K), 6 survivors (6144K)
 Metaspace       used 92918K, capacity 94946K, committed 95600K, reserved 1132544K
  class space    used 12024K, capacity 12826K, committed 13132K, reserved 1048576K
}
Event: 18.487 GC heap before
{Heap before GC invocations=35 (full 0):
 garbage-first heap   total 165888K, used 163548K [0x0000000080000000, 0x0000000100000000)
  region size 1024K, 33 young (33792K), 6 survivors (6144K)
 Metaspace       used 93211K, capacity 95245K, committed 95856K, reserved 1132544K
  class space    used 12052K, capacity 12861K, committed 13132K, reserved 1048576K
}
Event: 18.503 GC heap after
{Heap after GC invocations=36 (full 0):
 garbage-first heap   total 220160K, used 136782K [0x0000000080000000, 0x0000000100000000)
  region size 1024K, 5 young (5120K), 5 survivors (5120K)
 Metaspace       used 93211K, capacity 95245K, committed 95856K, reserved 1132544K
  class space    used 12052K, capacity 12861K, committed 13132K, reserved 1048576K
}
Event: 18.640 GC heap before
{Heap before GC invocations=36 (full 0):
 garbage-first heap   total 220160K, used 150094K [0x0000000080000000, 0x0000000100000000)
  region size 1024K, 19 young (19456K), 5 survivors (5120K)
 Metaspace       used 93246K, capacity 95323K, committed 96112K, reserved 1132544K
  class space    used 12062K, capacity 12866K, committed 13132K, reserved 1048576K
}
Event: 18.664 GC heap after
{Heap after GC invocations=37 (full 0):
 garbage-first heap   total 220160K, used 142291K [0x0000000080000000, 0x0000000100000000)
  region size 1024K, 5 young (5120K), 5 survivors (5120K)
 Metaspace       used 93246K, capacity 95323K, committed 96112K, reserved 1132544K
  class space    used 12062K, capacity 12866K, committed 13132K, reserved 1048576K
}
Event: 19.100 GC heap before
{Heap before GC invocations=38 (full 0):
 garbage-first heap   total 220160K, used 169939K [0x0000000080000000, 0x0000000100000000)
  region size 1024K, 31 young (31744K), 5 survivors (5120K)
 Metaspace       used 94456K, capacity 96594K, committed 97136K, reserved 1132544K
  class space    used 12373K, capacity 13210K, committed 13388K, reserved 1048576K
}
Event: 19.132 GC heap after
{Heap after GC invocations=39 (full 0):
 garbage-first heap   total 220160K, used 153688K [0x0000000080000000, 0x0000000100000000)
  region size 1024K, 4 young (4096K), 4 survivors (4096K)
 Metaspace       used 94456K, capacity 96594K, committed 97136K, reserved 1132544K
  class space    used 12373K, capacity 13210K, committed 13388K, reserved 1048576K
}
Event: 19.323 GC heap before
{Heap before GC invocations=39 (full 0):
 garbage-first heap   total 220160K, used 174168K [0x0000000080000000, 0x0000000100000000)
  region size 1024K, 25 young (25600K), 4 survivors (4096K)
 Metaspace       used 95514K, capacity 97723K, committed 98032K, reserved 1134592K
  class space    used 12567K, capacity 13444K, committed 13516K, reserved 1048576K
}
Event: 19.353 GC heap after
{Heap after GC invocations=40 (full 0):
 garbage-first heap   total 220160K, used 163802K [0x0000000080000000, 0x0000000100000000)
  region size 1024K, 4 young (4096K), 4 survivors (4096K)
 Metaspace       used 95514K, capacity 97723K, committed 98032K, reserved 1134592K
  class space    used 12567K, capacity 13444K, committed 13516K, reserved 1048576K
}
Event: 19.439 GC heap before
{Heap before GC invocations=40 (full 0):
 garbage-first heap   total 220160K, used 179162K [0x0000000080000000, 0x0000000100000000)
  region size 1024K, 20 young (20480K), 4 survivors (4096K)
 Metaspace       used 95590K, capacity 97858K, committed 98032K, reserved 1134592K
  class space    used 12568K, capacity 13444K, committed 13516K, reserved 1048576K
}

