# JRE version: OpenJDK Runtime Environment (11.0.11+9) (build 11.0.11+9-b60-7590822)
# Java VM: OpenJDK 64-Bit Server VM (11.0.11+9-b60-7590822, mixed mode, tiered, compressed oops, g1 gc, windows-amd64)
Heap:
 garbage-first heap   total 580608K, used 232436K [0x0000000080000000, 0x0000000100000000)
  region size 1024K, 7 young (7168K), 7 survivors (7168K)
 Metaspace       used 101220K, capacity 103711K, committed 104060K, reserved 1138688K
  class space    used 13272K, capacity 14231K, committed 14336K, reserved 1048576K
GC Heap History (20 events):
Event: 21.669 GC heap after
{Heap after GC invocations=38 (full 0):
 garbage-first heap   total 204800K, used 153986K [0x0000000080000000, 0x0000000100000000)
  region size 1024K, 4 young (4096K), 4 survivors (4096K)
 Metaspace       used 95700K, capacity 97878K, committed 98172K, reserved 1134592K
  class space    used 12421K, capacity 13253K, committed 13312K, reserved 1048576K
}
Event: 21.847 GC heap before
{Heap before GC invocations=38 (full 0):
 garbage-first heap   total 204800K, used 171394K [0x0000000080000000, 0x0000000100000000)
  region size 1024K, 21 young (21504K), 4 survivors (4096K)
 Metaspace       used 97273K, capacity 99591K, committed 99836K, reserved 1136640K
  class space    used 12776K, capacity 13661K, committed 13696K, reserved 1048576K
}
Event: 21.860 GC heap after
{Heap after GC invocations=39 (full 0):
 garbage-first heap   total 204800K, used 160764K [0x0000000080000000, 0x0000000100000000)
  region size 1024K, 3 young (3072K), 3 survivors (3072K)
 Metaspace       used 97273K, capacity 99591K, committed 99836K, reserved 1136640K
  class space    used 12776K, capacity 13661K, committed 13696K, reserved 1048576K
}
Event: 21.921 GC heap before
{Heap before GC invocations=39 (full 0):
 garbage-first heap   total 204800K, used 173052K [0x0000000080000000, 0x0000000100000000)
  region size 1024K, 15 young (15360K), 3 survivors (3072K)
 Metaspace       used 97299K, capacity 99591K, committed 99836K, reserved 1136640K
  class space    used 12776K, capacity 13661K, committed 13696K, reserved 1048576K
}
Event: 21.933 GC heap after
{Heap after GC invocations=40 (full 0):
 garbage-first heap   total 278528K, used 167098K [0x0000000080000000, 0x0000000100000000)
  region size 1024K, 2 young (2048K), 2 survivors (2048K)
 Metaspace       used 97299K, capacity 99591K, committed 99836K, reserved 1136640K
  class space    used 12776K, capacity 13661K, committed 13696K, reserved 1048576K
}
Event: 22.156 GC heap before
{Heap before GC invocations=40 (full 0):
 garbage-first heap   total 278528K, used 201914K [0x0000000080000000, 0x0000000100000000)
  region size 1024K, 37 young (37888K), 2 survivors (2048K)
 Metaspace       used 97350K, capacity 99662K, committed 99836K, reserved 1136640K
  class space    used 12776K, capacity 13661K, committed 13696K, reserved 1048576K
}
Event: 22.176 GC heap after
{Heap after GC invocations=41 (full 0):
 garbage-first heap   total 278528K, used 185028K [0x0000000080000000, 0x0000000100000000)
  region size 1024K, 5 young (5120K), 5 survivors (5120K)
 Metaspace       used 97350K, capacity 99662K, committed 99836K, reserved 1136640K
  class space    used 12776K, capacity 13661K, committed 13696K, reserved 1048576K
}
Event: 22.274 GC heap before
{Heap before GC invocations=42 (full 0):
 garbage-first heap   total 278528K, used 213700K [0x0000000080000000, 0x0000000100000000)
  region size 1024K, 33 young (33792K), 5 survivors (5120K)
 Metaspace       used 97356K, capacity 99662K, committed 99836K, reserved 1136640K
  class space    used 12776K, capacity 13661K, committed 13696K, reserved 1048576K
}
Event: 22.292 GC heap after
{Heap after GC invocations=43 (full 0):
 garbage-first heap   total 278528K, used 200609K [0x0000000080000000, 0x0000000100000000)
  region size 1024K, 5 young (5120K), 5 survivors (5120K)
 Metaspace       used 97356K, capacity 99662K, committed 99836K, reserved 1136640K
  class space    used 12776K, capacity 13661K, committed 13696K, reserved 1048576K
}
Event: 22.382 GC heap before
{Heap before GC invocations=43 (full 0):
 garbage-first heap   total 278528K, used 222113K [0x0000000080000000, 0x0000000100000000)
  region size 1024K, 27 young (27648K), 5 survivors (5120K)
 Metaspace       used 97386K, capacity 99662K, committed 99836K, reserved 1136640K
  class space    used 12776K, capacity 13661K, committed 13696K, reserved 1048576K
}
Event: 22.403 GC heap after
{Heap after GC invocations=44 (full 0):
 garbage-first heap   total 278528K, used 212992K [0x0000000080000000, 0x0000000100000000)
  region size 1024K, 4 young (4096K), 4 survivors (4096K)
 Metaspace       used 97386K, capacity 99662K, committed 99836K, reserved 1136640K
  class space    used 12776K, capacity 13661K, committed 13696K, reserved 1048576K
}
Event: 23.162 GC heap before
{Heap before GC invocations=45 (full 0):
 garbage-first heap   total 278528K, used 229376K [0x0000000080000000, 0x0000000100000000)
  region size 1024K, 21 young (21504K), 4 survivors (4096K)
 Metaspace       used 99181K, capacity 101475K, committed 101756K, reserved 1136640K
  class space    used 13005K, capacity 13881K, committed 14080K, reserved 1048576K
}
Event: 23.205 GC heap after
{Heap after GC invocations=46 (full 0):
 garbage-first heap   total 356352K, used 217531K [0x0000000080000000, 0x0000000100000000)
  region size 1024K, 3 young (3072K), 3 survivors (3072K)
 Metaspace       used 99181K, capacity 101475K, committed 101756K, reserved 1136640K
  class space    used 13005K, capacity 13881K, committed 14080K, reserved 1048576K
}
Event: 23.829 GC heap before
{Heap before GC invocations=46 (full 0):
 garbage-first heap   total 356352K, used 256443K [0x0000000080000000, 0x0000000100000000)
  region size 1024K, 41 young (41984K), 3 survivors (3072K)
 Metaspace       used 99972K, capacity 102451K, committed 102524K, reserved 1138688K
  class space    used 13135K, capacity 14077K, committed 14080K, reserved 1048576K
}
Event: 23.847 GC heap after
{Heap after GC invocations=47 (full 0):
 garbage-first heap   total 356352K, used 223733K [0x0000000080000000, 0x0000000100000000)
  region size 1024K, 6 young (6144K), 6 survivors (6144K)
 Metaspace       used 99972K, capacity 102451K, committed 102524K, reserved 1138688K
  class space    used 13135K, capacity 14077K, committed 14080K, reserved 1048576K
}
Event: 24.422 GC heap before
{Heap before GC invocations=47 (full 0):
 garbage-first heap   total 356352K, used 263669K [0x0000000080000000, 0x0000000100000000)
  region size 1024K, 45 young (46080K), 6 survivors (6144K)
 Metaspace       used 100512K, capacity 102978K, committed 103164K, reserved 1138688K
  class space    used 13199K, capacity 14158K, committed 14208K, reserved 1048576K
}
Event: 24.450 GC heap after
{Heap after GC invocations=48 (full 0):
 garbage-first heap   total 356352K, used 229241K [0x0000000080000000, 0x0000000100000000)
  region size 1024K, 6 young (6144K), 6 survivors (6144K)
 Metaspace       used 100512K, capacity 102978K, committed 103164K, reserved 1138688K
  class space    used 13199K, capacity 14158K, committed 14208K, reserved 1048576K
}
Event: 25.159 GC heap before
{Heap before GC invocations=48 (full 0):
 garbage-first heap   total 356352K, used 262009K [0x0000000080000000, 0x0000000100000000)
  region size 1024K, 46 young (47104K), 6 survivors (6144K)
 Metaspace       used 100536K, capacity 103043K, committed 103164K, reserved 1138688K
  class space    used 13199K, capacity 14158K, committed 14208K, reserved 1048576K
}
Event: 25.182 GC heap after
{Heap after GC invocations=49 (full 0):
 garbage-first heap   total 356352K, used 224376K [0x0000000080000000, 0x0000000100000000)
  region size 1024K, 5 young (5120K), 5 survivors (5120K)
 Metaspace       used 100536K, capacity 103043K, committed 103164K, reserved 1138688K
  class space    used 13199K, capacity 14158K, committed 14208K, reserved 1048576K
}
Event: 25.844 GC heap before
{Heap before GC invocations=50 (full 0):
 garbage-first heap   total 356352K, used 271480K [0x0000000080000000, 0x0000000100000000)
  region size 1024K, 49 young (50176K), 5 survivors (5120K)
 Metaspace       used 101220K, capacity 103711K, committed 104060K, reserved 1138688K
  class space    used 13272K, capacity 14231K, committed 14336K, reserved 1048576K
}

