# JRE version: OpenJDK Runtime Environment (11.0.11+9) (build 11.0.11+9-b60-7590822)
# Java VM: OpenJDK 64-Bit Server VM (11.0.11+9-b60-7590822, mixed mode, tiered, compressed oops, g1 gc, windows-amd64)
Heap:
 garbage-first heap   total 752640K, used 231049K [0x0000000080000000, 0x0000000100000000)
  region size 1024K, 2 young (2048K), 2 survivors (2048K)
 Metaspace       used 100486K, capacity 102997K, committed 103164K, reserved 1138688K
  class space    used 13177K, capacity 14134K, committed 14208K, reserved 1048576K
GC Heap History (20 events):
Event: 19.204 GC heap after
{Heap after GC invocations=36 (full 0):
 garbage-first heap   total 212992K, used 153994K [0x0000000080000000, 0x0000000100000000)
  region size 1024K, 4 young (4096K), 4 survivors (4096K)
 Metaspace       used 93610K, capacity 95680K, committed 96124K, reserved 1132544K
  class space    used 12101K, capacity 12897K, committed 13056K, reserved 1048576K
}
Event: 19.433 GC heap before
{Heap before GC invocations=37 (full 0):
 garbage-first heap   total 212992K, used 171402K [0x0000000080000000, 0x0000000100000000)
  region size 1024K, 22 young (22528K), 4 survivors (4096K)
 Metaspace       used 95513K, capacity 97766K, committed 98172K, reserved 1134592K
  class space    used 12550K, capacity 13409K, committed 13568K, reserved 1048576K
}
Event: 19.445 GC heap after
{Heap after GC invocations=38 (full 0):
 garbage-first heap   total 212992K, used 161121K [0x0000000080000000, 0x0000000100000000)
  region size 1024K, 3 young (3072K), 3 survivors (3072K)
 Metaspace       used 95513K, capacity 97766K, committed 98172K, reserved 1134592K
  class space    used 12550K, capacity 13409K, committed 13568K, reserved 1048576K
}
Event: 19.510 GC heap before
{Heap before GC invocations=38 (full 0):
 garbage-first heap   total 212992K, used 176481K [0x0000000080000000, 0x0000000100000000)
  region size 1024K, 18 young (18432K), 3 survivors (3072K)
 Metaspace       used 95588K, capacity 97836K, committed 98172K, reserved 1134592K
  class space    used 12550K, capacity 13409K, committed 13568K, reserved 1048576K
}
Event: 19.523 GC heap after
{Heap after GC invocations=39 (full 0):
 garbage-first heap   total 278528K, used 169310K [0x0000000080000000, 0x0000000100000000)
  region size 1024K, 3 young (3072K), 3 survivors (3072K)
 Metaspace       used 95588K, capacity 97836K, committed 98172K, reserved 1134592K
  class space    used 12550K, capacity 13409K, committed 13568K, reserved 1048576K
}
Event: 19.650 GC heap before
{Heap before GC invocations=39 (full 0):
 garbage-first heap   total 278528K, used 200030K [0x0000000080000000, 0x0000000100000000)
  region size 1024K, 33 young (33792K), 3 survivors (3072K)
 Metaspace       used 95655K, capacity 97846K, committed 98172K, reserved 1134592K
  class space    used 12550K, capacity 13409K, committed 13568K, reserved 1048576K
}
Event: 19.666 GC heap after
{Heap after GC invocations=40 (full 0):
 garbage-first heap   total 278528K, used 184863K [0x0000000080000000, 0x0000000100000000)
  region size 1024K, 5 young (5120K), 5 survivors (5120K)
 Metaspace       used 95655K, capacity 97846K, committed 98172K, reserved 1134592K
  class space    used 12550K, capacity 13409K, committed 13568K, reserved 1048576K
}
Event: 19.799 GC heap before
{Heap before GC invocations=40 (full 0):
 garbage-first heap   total 278528K, used 210463K [0x0000000080000000, 0x0000000100000000)
  region size 1024K, 31 young (31744K), 5 survivors (5120K)
 Metaspace       used 95661K, capacity 97846K, committed 98172K, reserved 1134592K
  class space    used 12550K, capacity 13409K, committed 13568K, reserved 1048576K
}
Event: 19.819 GC heap after
{Heap after GC invocations=41 (full 0):
 garbage-first heap   total 278528K, used 199507K [0x0000000080000000, 0x0000000100000000)
  region size 1024K, 4 young (4096K), 4 survivors (4096K)
 Metaspace       used 95661K, capacity 97846K, committed 98172K, reserved 1134592K
  class space    used 12550K, capacity 13409K, committed 13568K, reserved 1048576K
}
Event: 19.945 GC heap before
{Heap before GC invocations=42 (full 0):
 garbage-first heap   total 278528K, used 221010K [0x0000000080000000, 0x0000000100000000)
  region size 1024K, 25 young (25600K), 4 survivors (4096K)
 Metaspace       used 95661K, capacity 97846K, committed 98172K, reserved 1134592K
  class space    used 12550K, capacity 13409K, committed 13568K, reserved 1048576K
}
Event: 19.960 GC heap after
{Heap after GC invocations=43 (full 0):
 garbage-first heap   total 278528K, used 210594K [0x0000000080000000, 0x0000000100000000)
  region size 1024K, 4 young (4096K), 4 survivors (4096K)
 Metaspace       used 95661K, capacity 97846K, committed 98172K, reserved 1134592K
  class space    used 12550K, capacity 13409K, committed 13568K, reserved 1048576K
}
Event: 20.258 GC heap before
{Heap before GC invocations=43 (full 0):
 garbage-first heap   total 278528K, used 226978K [0x0000000080000000, 0x0000000100000000)
  region size 1024K, 21 young (21504K), 4 survivors (4096K)
 Metaspace       used 97242K, capacity 99427K, committed 99580K, reserved 1134592K
  class space    used 12788K, capacity 13637K, committed 13696K, reserved 1048576K
}
Event: 20.275 GC heap after
{Heap after GC invocations=44 (full 0):
 garbage-first heap   total 466944K, used 217088K [0x0000000080000000, 0x0000000100000000)
  region size 1024K, 3 young (3072K), 3 survivors (3072K)
 Metaspace       used 97242K, capacity 99427K, committed 99580K, reserved 1134592K
  class space    used 12788K, capacity 13637K, committed 13696K, reserved 1048576K
}
Event: 21.396 GC heap before
{Heap before GC invocations=45 (full 0):
 garbage-first heap   total 466944K, used 272384K [0x0000000080000000, 0x0000000100000000)
  region size 1024K, 71 young (72704K), 3 survivors (3072K)
 Metaspace       used 98602K, capacity 101051K, committed 101116K, reserved 1136640K
  class space    used 12974K, capacity 13907K, committed 13952K, reserved 1048576K
}
Event: 21.440 GC heap after
{Heap after GC invocations=46 (full 0):
 garbage-first heap   total 466944K, used 212725K [0x0000000080000000, 0x0000000100000000)
  region size 1024K, 9 young (9216K), 9 survivors (9216K)
 Metaspace       used 98602K, capacity 101051K, committed 101116K, reserved 1136640K
  class space    used 12974K, capacity 13907K, committed 13952K, reserved 1048576K
}
Event: 22.316 GC heap before
{Heap before GC invocations=46 (full 0):
 garbage-first heap   total 466944K, used 268021K [0x0000000080000000, 0x0000000100000000)
  region size 1024K, 58 young (59392K), 9 survivors (9216K)
 Metaspace       used 98874K, capacity 101321K, committed 101372K, reserved 1136640K
  class space    used 12997K, capacity 13948K, committed 13952K, reserved 1048576K
}
Event: 22.356 GC heap after
{Heap after GC invocations=47 (full 0):
 garbage-first heap   total 466944K, used 223426K [0x0000000080000000, 0x0000000100000000)
  region size 1024K, 5 young (5120K), 5 survivors (5120K)
 Metaspace       used 98874K, capacity 101321K, committed 101372K, reserved 1136640K
  class space    used 12997K, capacity 13948K, committed 13952K, reserved 1048576K
}
Event: 23.398 GC heap before
{Heap before GC invocations=48 (full 0):
 garbage-first heap   total 466944K, used 304322K [0x0000000080000000, 0x0000000100000000)
  region size 1024K, 81 young (82944K), 5 survivors (5120K)
 Metaspace       used 100297K, capacity 102805K, committed 102908K, reserved 1138688K
  class space    used 13163K, capacity 14134K, committed 14208K, reserved 1048576K
}
Event: 23.424 GC heap after
{Heap after GC invocations=49 (full 0):
 garbage-first heap   total 466944K, used 234398K [0x0000000080000000, 0x0000000100000000)
  region size 1024K, 11 young (11264K), 11 survivors (11264K)
 Metaspace       used 100297K, capacity 102805K, committed 102908K, reserved 1138688K
  class space    used 13163K, capacity 14134K, committed 14208K, reserved 1048576K
}
Event: 23.497 GC heap before
{Heap before GC invocations=49 (full 0):
 garbage-first heap   total 466944K, used 244638K [0x0000000080000000, 0x0000000100000000)
  region size 1024K, 22 young (22528K), 11 survivors (11264K)
 Metaspace       used 100486K, capacity 102997K, committed 103164K, reserved 1138688K
  class space    used 13177K, capacity 14134K, committed 14208K, reserved 1048576K
}

